<?xml version="1.0" encoding="UTF-8"?>
<testsuite xmlns:xsi="http://www.w3.org/2001/XMLSchema-instance" xsi:noNamespaceSchemaLocation="https://maven.apache.org/surefire/maven-surefire-plugin/xsd/surefire-test-report.xsd" name="runners.TestRunner" time="19.783" tests="8" errors="0" skipped="0" failures="0">
  <properties>
[...]
</properties>
  <testcase name="Given I navigate to weather home page" classname="Scenario: TC2 - Weather - Verify Search Result Is Displayed" time="0.001"/>
  <testcase name="Then I Search for hồ chí minh in Search field on Header of page" classname="Scenario: TC2 - Weather - Verify Search Result Is Displayed" time="0"/>
  <testcase name="And I verify no results are displayed" classname="Scenario: TC2 - Weather - Verify Search Result Is Displayed" time="0"/>
  <testcase name="Then I Search for coimbatore in Search field on Header of page" classname="Scenario: TC2 - Weather - Verify Search Result Is Displayed" time="0"/>
  <testcase name="And I verify City Name coimbatore are matched with search Results" classname="Scenario: TC2 - Weather - Verify Search Result Is Displayed" time="0.001"/>
  <testcase name="Then I click on the coimbatore Result link to see weather information" classname="Scenario: TC2 - Weather - Verify Search Result Is Displayed" time="0.001"/>
  <testcase name="And I verify coimbatore city title matches with selected value" classname="Scenario: TC2 - Weather - Verify Search Result Is Displayed" time="0"/>
  <testcase name="Scenario: TC2 - Weather - Verify Search Result Is Displayed" classname="Scenario: TC2 - Weather - Verify Search Result Is Displayed" time="0"/>
</testsuite>